::1 - - [31/Dec/2022:07:15:02 +0000] "GET /api/v1/tours HTTP/1.1" 200 8735 "-" "PostmanRuntime/7.29.2"
::1 - - [31/Dec/2022:07:15:19 +0000] "GET /api/v1/tours/10 HTTP/1.1" 200 139 "-" "PostmanRuntime/7.29.2"
::1 - - [31/Dec/2022:07:15:21 +0000] "PATCH /api/v1/tours/10 HTTP/1.1" 201 139 "-" "PostmanRuntime/7.29.2"
::1 - - [31/Dec/2022:07:15:24 +0000] "DELETE /api/v1/tours/10 HTTP/1.1" 204 - "-" "PostmanRuntime/7.29.2"
[0mGET / [36m304[0m 3.156 ms - -[0m
[0mGET /api/v1/tours [32m200[0m 0.970 ms - 8735[0m
[0mPOST /api/v1/tours [32m201[0m 21.887 ms - 127[0m
[0mGET /api/v1/tours/11 [32m200[0m 3.827 ms - 127[0m
[0mPATCH /api/v1/tours/10 [32m201[0m 20.530 ms - 139[0m
[0mDELETE /api/v1/tours/10 [32m204[0m 4.892 ms - -[0m
::1 - - [31/Dec/2022:07:17:12 +0000] "GET /api/v1/tours HTTP/1.1" 200 8826
::1 - - [31/Dec/2022:07:17:14 +0000] "GET /api/v1/tours/11 HTTP/1.1" 200 127
::1 - - [31/Dec/2022:07:37:27 +0000] "GET /api/v1/tours HTTP/1.1" 200 8826
::1 - - [31/Dec/2022:07:37:30 +0000] "GET /api/v1/tours/11 HTTP/1.1" 200 127
::1 - - [31/Dec/2022:07:37:33 +0000] "PATCH /api/v1/tours/10 HTTP/1.1" 201 139
::1 - - [31/Dec/2022:07:37:35 +0000] "DELETE /api/v1/tours/10 HTTP/1.1" 204 -
::1 - - [31/Dec/2022:08:04:44 +0000] "DELETE /api/v1/tours/10 HTTP/1.1" 204 -
::1 - - [31/Dec/2022:08:04:47 +0000] "GET /api/v1/tours HTTP/1.1" 200 8826
::1 - - [31/Dec/2022:08:04:50 +0000] "PATCH /api/v1/tours/10 HTTP/1.1" 201 139
::1 - - [31/Dec/2022:08:04:53 +0000] "GET /api/v1/tours/11 HTTP/1.1" 200 127
::1 - - [31/Dec/2022:08:16:39 +0000] "GET /api/v1/tours HTTP/1.1" 200 8826
::1 - - [31/Dec/2022:08:16:55 +0000] "POST /api/v1/tours HTTP/1.1" 201 124
::1 - - [31/Dec/2022:08:17:00 +0000] "GET /api/v1/tours/12 HTTP/1.1" 200 124
::1 - - [31/Dec/2022:08:17:02 +0000] "PATCH /api/v1/tours/10 HTTP/1.1" 201 139
::1 - - [31/Dec/2022:08:17:10 +0000] "DELETE /api/v1/tours/10 HTTP/1.1" 204 -
::1 - - [31/Dec/2022:11:06:33 +0000] "GET / HTTP/1.1" 404 139
::1 - - [31/Dec/2022:11:07:04 +0000] "GET /img/user.jpg HTTP/1.1" 404 151
::1 - - [31/Dec/2022:11:07:04 +0000] "GET /img/tour-1-cover.jpg HTTP/1.1" 404 159
::1 - - [31/Dec/2022:11:07:04 +0000] "GET /img/tour-2-cover.jpg HTTP/1.1" 404 159
::1 - - [31/Dec/2022:11:07:04 +0000] "GET /img/tour-3-cover.jpg HTTP/1.1" 404 159
::1 - - [31/Dec/2022:11:07:04 +0000] "GET /img/tour-5-cover.jpg HTTP/1.1" 404 159
::1 - - [31/Dec/2022:11:07:04 +0000] "GET /img/tour-4-cover.jpg HTTP/1.1" 404 159
::1 - - [31/Dec/2022:11:07:04 +0000] "GET /img/tour-6-cover.jpg HTTP/1.1" 404 159
::1 - - [31/Dec/2022:11:07:30 +0000] "GET /img/user.jpg HTTP/1.1" 404 151
::1 - - [31/Dec/2022:11:07:30 +0000] "GET /img/tour-5-1.jpg HTTP/1.1" 404 155
::1 - - [31/Dec/2022:11:07:30 +0000] "GET /img/tour-5-2.jpg HTTP/1.1" 404 155
::1 - - [31/Dec/2022:11:07:30 +0000] "GET /img/tour-5-3.jpg HTTP/1.1" 404 155
::1 - - [31/Dec/2022:11:07:30 +0000] "GET /img/tour-5-2.jpg HTTP/1.1" 404 155
::1 - - [31/Dec/2022:11:07:30 +0000] "GET /img/tour-5-1.jpg HTTP/1.1" 404 155
[0mGET /api/v1/tours [32m200[0m 5.174 ms - 9443[0m
[0mPOST /api/v1/tours [32m201[0m 21.979 ms - 120[0m
[0mGET /api/v1/tours/2 [32m200[0m 5.958 ms - 886[0m
[0mPATCH /api/v1/tours/8 [32m201[0m 19.391 ms - 900[0m
[0mDELETE /api/v1/tours/2 [32m204[0m 5.680 ms - -[0m
